
*** Running vivado
    with args -log test.vds -m64 -product Vivado -mode batch -messageDb vivado.pb -notrace -source test.tcl


****** Vivado v2019.2 (64-bit)
  **** SW Build 2708876 on Wed Nov  6 21:39:14 MST 2019
  **** IP Build 2700528 on Thu Nov  7 00:09:20 MST 2019
    ** Copyright 1986-2019 Xilinx, Inc. All Rights Reserved.

source test.tcl -notrace
Command: synth_design -top test -part xc7z020clg400-1
Starting synth_design
Attempting to get a license for feature 'Synthesis' and/or device 'xc7z020'
INFO: [Common 17-349] Got license for feature 'Synthesis' and/or device 'xc7z020'
INFO: [Device 21-403] Loading part xc7z020clg400-1
INFO: Launching helper process for spawning children vivado processes
INFO: Helper process launched with PID 36852 
---------------------------------------------------------------------------------
Starting RTL Elaboration : Time (s): cpu = 00:00:04 ; elapsed = 00:00:05 . Memory (MB): peak = 1948.773 ; gain = 202.688 ; free physical = 1537 ; free virtual = 25747
---------------------------------------------------------------------------------
INFO: [Synth 8-6157] synthesizing module 'test' [/home/cx872/Documents/CS_3220/gt-cs3220-spr21.github.io/assignment2_files/test.v:4]
	Parameter CLK_PERIOD bound to: 10 - type: integer 
INFO: [Synth 8-251] Bubblesort test start [/home/cx872/Documents/CS_3220/gt-cs3220-spr21.github.io/assignment2_files/test.v:68]
WARNING: [Synth 8-6896] if statement with non-constant condition is inside initial block, initial block items will be ignored [/home/cx872/Documents/CS_3220/gt-cs3220-spr21.github.io/assignment2_files/test.v:71]
WARNING: [Synth 8-6896] if statement with non-constant condition is inside initial block, initial block items will be ignored [/home/cx872/Documents/CS_3220/gt-cs3220-spr21.github.io/assignment2_files/test.v:77]
WARNING: [Synth 8-6896] if statement with non-constant condition is inside initial block, initial block items will be ignored [/home/cx872/Documents/CS_3220/gt-cs3220-spr21.github.io/assignment2_files/test.v:83]
WARNING: [Synth 8-6896] if statement with non-constant condition is inside initial block, initial block items will be ignored [/home/cx872/Documents/CS_3220/gt-cs3220-spr21.github.io/assignment2_files/test.v:89]
WARNING: [Synth 8-6896] if statement with non-constant condition is inside initial block, initial block items will be ignored [/home/cx872/Documents/CS_3220/gt-cs3220-spr21.github.io/assignment2_files/test.v:95]
WARNING: [Synth 8-6896] if statement with non-constant condition is inside initial block, initial block items will be ignored [/home/cx872/Documents/CS_3220/gt-cs3220-spr21.github.io/assignment2_files/test.v:101]
WARNING: [Synth 8-6896] if statement with non-constant condition is inside initial block, initial block items will be ignored [/home/cx872/Documents/CS_3220/gt-cs3220-spr21.github.io/assignment2_files/test.v:107]
WARNING: [Synth 8-6896] if statement with non-constant condition is inside initial block, initial block items will be ignored [/home/cx872/Documents/CS_3220/gt-cs3220-spr21.github.io/assignment2_files/test.v:113]
WARNING: [Synth 8-6896] if statement with non-constant condition is inside initial block, initial block items will be ignored [/home/cx872/Documents/CS_3220/gt-cs3220-spr21.github.io/assignment2_files/test.v:119]
WARNING: [Synth 8-6896] if statement with non-constant condition is inside initial block, initial block items will be ignored [/home/cx872/Documents/CS_3220/gt-cs3220-spr21.github.io/assignment2_files/test.v:125]
WARNING: [Synth 8-6896] if statement with non-constant condition is inside initial block, initial block items will be ignored [/home/cx872/Documents/CS_3220/gt-cs3220-spr21.github.io/assignment2_files/test.v:130]
INFO: [Synth 8-251] Congradulation it works !!!! [/home/cx872/Documents/CS_3220/gt-cs3220-spr21.github.io/assignment2_files/test.v:134]
INFO: [Synth 8-6157] synthesizing module 'bubblesort' [/home/cx872/Documents/CS_3220/gt-cs3220-spr21.github.io/assignment2_files/bubblesort.v:3]
	Parameter NumItm bound to: 10 - type: integer 
	Parameter state_num bound to: 5 - type: integer 
WARNING: [Synth 8-2898] ignoring malformed $readmem task: invalid memory name [/home/cx872/Documents/CS_3220/gt-cs3220-spr21.github.io/assignment2_files/bubblesort.v:59]
INFO: [Synth 8-155] case statement is not full and has no default [/home/cx872/Documents/CS_3220/gt-cs3220-spr21.github.io/assignment2_files/bubblesort.v:77]
ERROR: [Synth 8-91] ambiguous clock in event control [/home/cx872/Documents/CS_3220/gt-cs3220-spr21.github.io/assignment2_files/bubblesort.v:76]
ERROR: [Synth 8-6156] failed synthesizing module 'bubblesort' [/home/cx872/Documents/CS_3220/gt-cs3220-spr21.github.io/assignment2_files/bubblesort.v:3]
ERROR: [Synth 8-6156] failed synthesizing module 'test' [/home/cx872/Documents/CS_3220/gt-cs3220-spr21.github.io/assignment2_files/test.v:4]
---------------------------------------------------------------------------------
Finished RTL Elaboration : Time (s): cpu = 00:00:05 ; elapsed = 00:00:06 . Memory (MB): peak = 2010.523 ; gain = 264.438 ; free physical = 1568 ; free virtual = 25781
---------------------------------------------------------------------------------
RTL Elaboration failed
INFO: [Common 17-83] Releasing license: Synthesis
8 Infos, 12 Warnings, 0 Critical Warnings and 4 Errors encountered.
synth_design failed
ERROR: [Common 17-69] Command failed: Synthesis failed - please see the console or run log file for details
INFO: [Common 17-206] Exiting Vivado at Thu Feb 11 16:16:19 2021...
