#
# An unexpected error has occurred (11)
#
Stack:
/tools/Xilinx/Vivado/2020.2/tps/lnx64/jre11.0.2/lib//server/libjvm.so(+0xc04c3b) [0x7f5007d33c3b]
/tools/Xilinx/Vivado/2020.2/tps/lnx64/jre11.0.2/lib//server/libjvm.so(JVM_handle_linux_signal+0x14e) [0x7f5007d388de]
/tools/Xilinx/Vivado/2020.2/tps/lnx64/jre11.0.2/lib//server/libjvm.so(+0xbfd538) [0x7f5007d2c538]
/lib/x86_64-linux-gnu/libc.so.6(+0x46210) [0x7f505d2eb210]
/tools/Xilinx/Vivado/2020.2/lib/lnx64.o/librdi_simbridge_kernel.so(SimBridge::CArray::empty() const+0) [0x7f500e8b1a00]
/tools/Xilinx/Vivado/2020.2/lib/lnx64.o/librdi_simbridge_kernel.so(SimBridge::WdbEventBlock::addBlock(SimBridge::WdbIBlockManager&, unsigned int&) const+0x1c) [0x7f500e8b20dc]
/tools/Xilinx/Vivado/2020.2/lib/lnx64.o/librdi_simbridge_kernel.so(SimBridge::WdbMultipleBucketEventDatabase::getEventBlockDatabaseIterator(std::vector<SimBridge::WdbScalarBTree*, std::allocator<SimBridge::WdbScalarBTree*> > const&, std::vector<boost::shared_ptr<SimBridge::WdbIEventBlockIterator>, std::allocator<boost::shared_ptr<SimBridge::WdbIEventBlockIterator> > >&, std::vector<std::vector<SimBridge::WdbScalarBTree*, std::allocator<SimBridge::WdbScalarBTree*> >, std::allocator<std::vector<SimBridge::WdbScalarBTree*, std::allocator<SimBridge::WdbScalarBTree*> > > >&) const+0x691) [0x7f500e8cc071]
/tools/Xilinx/Vivado/2020.2/lib/lnx64.o/librdi_simbridge_kernel.so(SimBridge::WdbAddressBTreeManager::scanWdbDatabaseMultiThread(std::vector<SimBridge::WdbScalarBTree*, std::allocator<SimBridge::WdbScalarBTree*> > const&, ISIM::IGuiStatus*)+0xf0) [0x7f500e8a8ee0]
/tools/Xilinx/Vivado/2020.2/lib/lnx64.o/librdi_wavedata.so(SimBridge::DataObjMgr::createDrawingBTree(std::vector<SimBridge::IDataObj const*, std::allocator<SimBridge::IDataObj const*> > const&, ISIM::IGuiStatus*, bool)+0x32a) [0x7f5019c3258a]
/tools/Xilinx/Vivado/2020.2/lib/lnx64.o/librdi_wavedata.so(+0x2df6b2) [0x7f5019cf16b2]
/tools/Xilinx/Vivado/2020.2/lib/lnx64.o/librdi_wavedata.so(+0x2df95c) [0x7f5019cf195c]
/tools/Xilinx/Vivado/2020.2/lib/lnx64.o/librdi_wavedata.so(SG_Model::ModelImp::updateData(SG_Model::WVDataObject*, bool)+0x30f) [0x7f5019ceb90f]
/tools/Xilinx/Vivado/2020.2/lib/lnx64.o/librdi_wavedata.so(SG_Model::ModelImp::updateData(SG_Model::WVDataObject*, bool)+0x18f) [0x7f5019ceb78f]
/tools/Xilinx/Vivado/2020.2/lib/lnx64.o/librdi_wavedata.so(SG_Model::ModelImp::updateData(SG_Model::WVDataObject*, bool)+0x18f) [0x7f5019ceb78f]
/tools/Xilinx/Vivado/2020.2/lib/lnx64.o/librdi_wavedata.so(SG_Model::ModelImp::updateData()+0x96b) [0x7f5019cec5fb]
/tools/Xilinx/Vivado/2020.2/lib/lnx64.o/librdi_wavedata.so(+0x2e0656) [0x7f5019cf2656]
/tools/Xilinx/Vivado/2020.2/lib/lnx64.o/librdi_wavedata.so(SG_Common::Subject::sendEvent(SG_Common::Event const*) const+0x106) [0x7f5019ca6476]
/tools/Xilinx/Vivado/2020.2/lib/lnx64.o/librdi_wavedata.so(+0x2b2deb) [0x7f5019cc4deb]
/tools/Xilinx/Vivado/2020.2/lib/lnx64.o/librdi_wavedata.so(SG_Common::Subject::sendEvent(SG_Common::Event const*) const+0x106) [0x7f5019ca6476]
/tools/Xilinx/Vivado/2020.2/lib/lnx64.o/librdi_wavedata.so(+0x2b2ea4) [0x7f5019cc4ea4]
/tools/Xilinx/Vivado/2020.2/lib/lnx64.o/librdi_wavedata.so(SG_Common::Subject::sendEvent(SG_Common::Event const*) const+0x106) [0x7f5019ca6476]
/tools/Xilinx/Vivado/2020.2/lib/lnx64.o/librdi_wavedata.so(SG_Model::LiveDatabase::notifyReconnect()+0x29) [0x7f5019ce2ae9]
/tools/Xilinx/Vivado/2020.2/lib/lnx64.o/librdi_simdata.so(RSDData::RSDLiveSimulationObject::startEngineProcess(bool, bool, bool)+0x433) [0x7f501f77c833]
/tools/Xilinx/Vivado/2020.2/lib/lnx64.o/librdi_simtcltasks.so(+0x1ebb2a) [0x7f4fcd3e9b2a]
/tools/Xilinx/Vivado/2020.2/lib/lnx64.o/librdi_common.so(+0x9cfb1d) [0x7f505e634b1d]
/tools/Xilinx/Vivado/2020.2/lib/lnx64.o/libtcl8.5.so(+0x3356f) [0x7f50589ce56f]
/tools/Xilinx/Vivado/2020.2/lib/lnx64.o/libtcl8.5.so(+0x76945) [0x7f5058a11945]
/tools/Xilinx/Vivado/2020.2/lib/lnx64.o/libtcl8.5.so(+0x7e0f9) [0x7f5058a190f9]
/tools/Xilinx/Vivado/2020.2/lib/lnx64.o/libtcl8.5.so(TclEvalObjEx+0x76) [0x7f50589d0216]
/tools/Xilinx/Vivado/2020.2/lib/lnx64.o/librdi_common.so(hdi::tcltasks::task_manager::eval_in_tcl(Tcl_Interp*, Tcl_Obj*, char const*, bool)+0xb59) [0x7f505e636929]
/tools/Xilinx/Vivado/2020.2/lib/lnx64.o/librdi_common.so(hdi::tcltasks::task_manager::eval_in_tcl(Tcl_Interp*, char const*, char const*, bool)+0x12a) [0x7f505e63721a]
/tools/Xilinx/Vivado/2020.2/lib/lnx64.o/librdi_common.so(hdi::tcltasks::task_manager::eval_in_tcl_throw(Tcl_Interp*, char const*, char const*, bool)+0x10) [0x7f505e637340]
/tools/Xilinx/Vivado/2020.2/lib/lnx64.o/librdi_simtcltasks.so(+0x1e7519) [0x7f4fcd3e5519]
/tools/Xilinx/Vivado/2020.2/lib/lnx64.o/librdi_common.so(+0x9cfb1d) [0x7f505e634b1d]
/tools/Xilinx/Vivado/2020.2/lib/lnx64.o/libtcl8.5.so(+0x3356f) [0x7f50589ce56f]
/tools/Xilinx/Vivado/2020.2/lib/lnx64.o/libtcl8.5.so(+0x76945) [0x7f5058a11945]
/tools/Xilinx/Vivado/2020.2/lib/lnx64.o/libtcl8.5.so(+0x7e0f9) [0x7f5058a190f9]
/tools/Xilinx/Vivado/2020.2/lib/lnx64.o/libtcl8.5.so(TclEvalObjEx+0x76) [0x7f50589d0216]
/tools/Xilinx/Vivado/2020.2/lib/lnx64.o/librdi_common.so(+0x9ce041) [0x7f505e633041]
/tools/Xilinx/Vivado/2020.2/lib/lnx64.o/libtcl8.5.so(Tcl_ServiceEvent+0x7f) [0x7f5058a42bef]
/tools/Xilinx/Vivado/2020.2/lib/lnx64.o/libtcl8.5.so(Tcl_DoOneEvent+0x154) [0x7f5058a42f24]
/tools/Xilinx/Vivado/2020.2/lib/lnx64.o/librdi_commontasks.so(+0x23caa5) [0x7f5051b64aa5]
/tools/Xilinx/Vivado/2020.2/lib/lnx64.o/librdi_commontasks.so(+0x23fbb5) [0x7f5051b67bb5]
/tools/Xilinx/Vivado/2020.2/lib/lnx64.o/librdi_commontasks.so(+0x240bde) [0x7f5051b68bde]
/tools/Xilinx/Vivado/2020.2/lib/lnx64.o/librdi_common.so(+0x9cfb1d) [0x7f505e634b1d]
/tools/Xilinx/Vivado/2020.2/lib/lnx64.o/libtcl8.5.so(+0x3356f) [0x7f50589ce56f]
/tools/Xilinx/Vivado/2020.2/lib/lnx64.o/libtcl8.5.so(+0x76945) [0x7f5058a11945]
/tools/Xilinx/Vivado/2020.2/lib/lnx64.o/libtcl8.5.so(+0x7e0f9) [0x7f5058a190f9]
/tools/Xilinx/Vivado/2020.2/lib/lnx64.o/libtcl8.5.so(TclEvalObjEx+0x76) [0x7f50589d0216]
/tools/Xilinx/Vivado/2020.2/lib/lnx64.o/librdi_commonmain.so(+0xad53) [0x7f505da5dd53]
/tools/Xilinx/Vivado/2020.2/lib/lnx64.o/libtcl8.5.so(Tcl_Main+0x1d0) [0x7f5058a3b2f0]
/tools/Xilinx/Vivado/2020.2/lib/lnx64.o/librdi_common.so(+0xa1442b) [0x7f505e67942b]
/lib/x86_64-linux-gnu/libpthread.so.0(+0x9609) [0x7f505d28b609]
/lib/x86_64-linux-gnu/libc.so.6(clone+0x43) [0x7f505d3c7293]
